<?xml version="1.0" encoding="UTF-8"?>
<!-- Generated by org.testng.reporters.JUnitReportReporter -->
<testsuite skipped="1" hostname="DESKTOP-Q97TBH7" name="com.qa.testscripts.TC_AjioSearchProduct_01" tests="1" failures="0" timestamp="28 Jun 2021 10:39:20 GMT" time="0.000" errors="0">
  <testcase name="SearchProducts" time="0.000" classname="com.qa.testscripts.TC_AjioSearchProduct_01">
    <skipped/>
  </testcase> <!-- SearchProducts -->
</testsuite> <!-- com.qa.testscripts.TC_AjioSearchProduct_01 -->
