<?xml version="1.0" encoding="UTF-8"?>
<!-- Generated by org.testng.reporters.JUnitReportReporter -->
<testsuite skipped="0" hostname="DESKTOP-Q97TBH7" name="com.qa.testscripts.TC_AjioCustomerCare_02" tests="4" failures="0" timestamp="27 Jun 2021 18:23:08 GMT" time="80.932" errors="0">
  <testcase name="SearchTopics" time="18.892" classname="com.qa.testscripts.TC_AjioCustomerCare_02"/>
  <testcase name="SearchTopics" time="21.817" classname="com.qa.testscripts.TC_AjioCustomerCare_02"/>
  <testcase name="SearchTopics" time="19.772" classname="com.qa.testscripts.TC_AjioCustomerCare_02"/>
  <testcase name="SearchTopics" time="20.451" classname="com.qa.testscripts.TC_AjioCustomerCare_02"/>
</testsuite> <!-- com.qa.testscripts.TC_AjioCustomerCare_02 -->
