<?xml version="1.0" encoding="UTF-8"?>
<!-- Generated by org.testng.reporters.JUnitReportReporter -->
<testsuite skipped="0" hostname="DESKTOP-Q97TBH7" name="com.qa.testscripts.TC_AjioSearchProduct_01" tests="4" failures="0" timestamp="27 Jun 2021 18:23:09 GMT" time="96.104" errors="0">
  <testcase name="SearchProducts" time="25.773" classname="com.qa.testscripts.TC_AjioSearchProduct_01"/>
  <testcase name="SearchProducts" time="24.215" classname="com.qa.testscripts.TC_AjioSearchProduct_01"/>
  <testcase name="SearchProducts" time="24.397" classname="com.qa.testscripts.TC_AjioSearchProduct_01"/>
  <testcase name="SearchProducts" time="21.719" classname="com.qa.testscripts.TC_AjioSearchProduct_01"/>
</testsuite> <!-- com.qa.testscripts.TC_AjioSearchProduct_01 -->
